<?xml version="1.0" encoding="UTF-8"?>
<testng-results ignored="0" total="18" passed="18" failed="0" skipped="0">
  <reporter-output>
  </reporter-output>
  <suite started-at="2024-04-14T08:07:55 BST" name="Default suite" finished-at="2024-04-14T08:07:55 BST" duration-ms="651">
    <groups>
    </groups>
    <test started-at="2024-04-14T08:07:55 BST" name="Default test" finished-at="2024-04-14T08:07:55 BST" duration-ms="651">
      <class name="com.testpackage.TestScript">
        <test-method signature="test10WithIndexZeroDeleteTask()[pri:0, instance:com.testpackage.TestScript@2f058b8a]" started-at="2024-04-14T08:07:55 BST" name="test10WithIndexZeroDeleteTask" finished-at="2024-04-14T08:07:55 BST" duration-ms="95" status="PASS">
          <reporter-output>
          </reporter-output>
        </test-method> <!-- test10WithIndexZeroDeleteTask -->
        <test-method signature="test11WithValidInvalidDeleteTask()[pri:0, instance:com.testpackage.TestScript@2f058b8a]" started-at="2024-04-14T08:07:55 BST" name="test11WithValidInvalidDeleteTask" finished-at="2024-04-14T08:07:55 BST" duration-ms="9" status="PASS">
          <reporter-output>
          </reporter-output>
        </test-method> <!-- test11WithValidInvalidDeleteTask -->
        <test-method signature="test12WithUpdateTitle()[pri:0, instance:com.testpackage.TestScript@2f058b8a]" started-at="2024-04-14T08:07:55 BST" name="test12WithUpdateTitle" finished-at="2024-04-14T08:07:55 BST" duration-ms="13" status="PASS">
          <reporter-output>
          </reporter-output>
        </test-method> <!-- test12WithUpdateTitle -->
        <test-method signature="test13WithUpdateTitle()[pri:0, instance:com.testpackage.TestScript@2f058b8a]" started-at="2024-04-14T08:07:55 BST" name="test13WithUpdateTitle" finished-at="2024-04-14T08:07:55 BST" duration-ms="7" status="PASS">
          <reporter-output>
          </reporter-output>
        </test-method> <!-- test13WithUpdateTitle -->
        <test-method signature="test14WithUpdatePriority()[pri:0, instance:com.testpackage.TestScript@2f058b8a]" started-at="2024-04-14T08:07:55 BST" name="test14WithUpdatePriority" finished-at="2024-04-14T08:07:55 BST" duration-ms="6" status="PASS">
          <reporter-output>
          </reporter-output>
        </test-method> <!-- test14WithUpdatePriority -->
        <test-method signature="test15WithUpdateDueDate()[pri:0, instance:com.testpackage.TestScript@2f058b8a]" started-at="2024-04-14T08:07:55 BST" name="test15WithUpdateDueDate" finished-at="2024-04-14T08:07:55 BST" duration-ms="8" status="PASS">
          <reporter-output>
          </reporter-output>
        </test-method> <!-- test15WithUpdateDueDate -->
        <test-method signature="test16WithUpdateCompleted()[pri:0, instance:com.testpackage.TestScript@2f058b8a]" started-at="2024-04-14T08:07:55 BST" name="test16WithUpdateCompleted" finished-at="2024-04-14T08:07:55 BST" duration-ms="16" status="PASS">
          <reporter-output>
          </reporter-output>
        </test-method> <!-- test16WithUpdateCompleted -->
        <test-method signature="test1WithEmptyList()[pri:0, instance:com.testpackage.TestScript@2f058b8a]" started-at="2024-04-14T08:07:55 BST" name="test1WithEmptyList" finished-at="2024-04-14T08:07:55 BST" duration-ms="9" status="PASS">
          <reporter-output>
          </reporter-output>
        </test-method> <!-- test1WithEmptyList -->
        <test-method signature="test2WithValidList()[pri:0, instance:com.testpackage.TestScript@2f058b8a]" started-at="2024-04-14T08:07:55 BST" name="test2WithValidList" finished-at="2024-04-14T08:07:55 BST" duration-ms="49" status="PASS">
          <reporter-output>
          </reporter-output>
        </test-method> <!-- test2WithValidList -->
        <test-method signature="test3WithIndexLessThanZero()[pri:0, instance:com.testpackage.TestScript@2f058b8a]" started-at="2024-04-14T08:07:55 BST" name="test3WithIndexLessThanZero" finished-at="2024-04-14T08:07:55 BST" duration-ms="11" status="PASS">
          <reporter-output>
          </reporter-output>
        </test-method> <!-- test3WithIndexLessThanZero -->
        <test-method signature="test4WithIndexZero()[pri:0, instance:com.testpackage.TestScript@2f058b8a]" started-at="2024-04-14T08:07:55 BST" name="test4WithIndexZero" finished-at="2024-04-14T08:07:55 BST" duration-ms="9" status="PASS">
          <reporter-output>
          </reporter-output>
        </test-method> <!-- test4WithIndexZero -->
        <test-method signature="test5WithUpdate()[pri:0, instance:com.testpackage.TestScript@2f058b8a]" started-at="2024-04-14T08:07:55 BST" name="test5WithUpdate" finished-at="2024-04-14T08:07:55 BST" duration-ms="6" status="PASS">
          <reporter-output>
          </reporter-output>
        </test-method> <!-- test5WithUpdate -->
        <test-method signature="test6WithIndexLessThanZeroCompleteTask()[pri:0, instance:com.testpackage.TestScript@2f058b8a]" started-at="2024-04-14T08:07:55 BST" name="test6WithIndexLessThanZeroCompleteTask" finished-at="2024-04-14T08:07:55 BST" duration-ms="5" status="PASS">
          <reporter-output>
          </reporter-output>
        </test-method> <!-- test6WithIndexLessThanZeroCompleteTask -->
        <test-method signature="test7WithIndexZeroCompleteTask()[pri:0, instance:com.testpackage.TestScript@2f058b8a]" started-at="2024-04-14T08:07:55 BST" name="test7WithIndexZeroCompleteTask" finished-at="2024-04-14T08:07:55 BST" duration-ms="7" status="PASS">
          <reporter-output>
          </reporter-output>
        </test-method> <!-- test7WithIndexZeroCompleteTask -->
        <test-method signature="test8WithValidInvalidCompleteTask()[pri:0, instance:com.testpackage.TestScript@2f058b8a]" started-at="2024-04-14T08:07:55 BST" name="test8WithValidInvalidCompleteTask" finished-at="2024-04-14T08:07:55 BST" duration-ms="6" status="PASS">
          <reporter-output>
          </reporter-output>
        </test-method> <!-- test8WithValidInvalidCompleteTask -->
        <test-method signature="test9WithIndexLessThanZeroDeleteTask()[pri:0, instance:com.testpackage.TestScript@2f058b8a]" started-at="2024-04-14T08:07:55 BST" name="test9WithIndexLessThanZeroDeleteTask" finished-at="2024-04-14T08:07:55 BST" duration-ms="7" status="PASS">
          <reporter-output>
          </reporter-output>
        </test-method> <!-- test9WithIndexLessThanZeroDeleteTask -->
        <test-method signature="testToString1()[pri:0, instance:com.testpackage.TestScript@2f058b8a]" started-at="2024-04-14T08:07:55 BST" name="testToString1" finished-at="2024-04-14T08:07:55 BST" duration-ms="59" status="PASS">
          <reporter-output>
          </reporter-output>
        </test-method> <!-- testToString1 -->
        <test-method signature="testToString2()[pri:0, instance:com.testpackage.TestScript@2f058b8a]" started-at="2024-04-14T08:07:55 BST" name="testToString2" finished-at="2024-04-14T08:07:55 BST" duration-ms="7" status="PASS">
          <reporter-output>
          </reporter-output>
        </test-method> <!-- testToString2 -->
      </class> <!-- com.testpackage.TestScript -->
    </test> <!-- Default test -->
  </suite> <!-- Default suite -->
</testng-results>
