<?xml version="1.0" encoding="UTF-8"?>
<testng-results ignored="0" total="18" passed="17" failed="1" skipped="0">
  <reporter-output>
  </reporter-output>
  <suite started-at="2024-04-14T11:23:04 BST" name="Default suite" finished-at="2024-04-14T11:23:04 BST" duration-ms="110">
    <groups>
    </groups>
    <test started-at="2024-04-14T11:23:04 BST" name="Default test" finished-at="2024-04-14T11:23:04 BST" duration-ms="110">
      <class name="com.testpackage.TestScript_Mutant">
        <test-method signature="test10WithIndexZeroDeleteTask()[pri:0, instance:com.testpackage.TestScript_Mutant@6f96c77]" started-at="2024-04-14T11:23:04 BST" name="test10WithIndexZeroDeleteTask" finished-at="2024-04-14T11:23:04 BST" duration-ms="17" status="FAIL">
          <exception class="org.junit.ComparisonFailure">
            <message>
              <![CDATA[expected:<[Task deleted successfully].> but was:<[Invalid task index].>]]>
            </message>
            <full-stacktrace>
              <![CDATA[org.junit.ComparisonFailure: expected:<[Task deleted successfully].> but was:<[Invalid task index].>
at org.junit.Assert.assertEquals(Assert.java:125)
at org.junit.Assert.assertEquals(Assert.java:147)
at com.testpackage.TestScript_Mutant.test10WithIndexZeroDeleteTask(TestScript_Mutant.java:163)
at java.base/jdk.internal.reflect.DirectMethodHandleAccessor.invoke(DirectMethodHandleAccessor.java:103)
at java.base/java.lang.reflect.Method.invoke(Method.java:580)
at org.testng.internal.MethodInvocationHelper.invokeMethod(MethodInvocationHelper.java:133)
at org.testng.internal.TestInvoker.invokeMethod(TestInvoker.java:598)
at org.testng.internal.TestInvoker.invokeTestMethod(TestInvoker.java:173)
at org.testng.internal.MethodRunner.runInSequence(MethodRunner.java:46)
at org.testng.internal.TestInvoker$MethodInvocationAgent.invoke(TestInvoker.java:824)
at org.testng.internal.TestInvoker.invokeTestMethods(TestInvoker.java:146)
at org.testng.internal.TestMethodWorker.invokeTestMethods(TestMethodWorker.java:146)
at org.testng.internal.TestMethodWorker.run(TestMethodWorker.java:128)
at java.base/java.util.ArrayList.forEach(ArrayList.java:1596)
at org.testng.TestRunner.privateRun(TestRunner.java:794)
at org.testng.TestRunner.run(TestRunner.java:596)
at org.testng.SuiteRunner.runTest(SuiteRunner.java:377)
at org.testng.SuiteRunner.runSequentially(SuiteRunner.java:371)
at org.testng.SuiteRunner.privateRun(SuiteRunner.java:332)
at org.testng.SuiteRunner.run(SuiteRunner.java:276)
at org.testng.SuiteRunnerWorker.runSuite(SuiteRunnerWorker.java:53)
at org.testng.SuiteRunnerWorker.run(SuiteRunnerWorker.java:96)
at org.testng.TestNG.runSuitesSequentially(TestNG.java:1212)
at org.testng.TestNG.runSuitesLocally(TestNG.java:1134)
at org.testng.TestNG.runSuites(TestNG.java:1063)
at org.testng.TestNG.run(TestNG.java:1031)
at org.testng.remote.AbstractRemoteTestNG.run(AbstractRemoteTestNG.java:115)
at org.testng.remote.RemoteTestNG.initAndRun(RemoteTestNG.java:293)
at org.testng.remote.RemoteTestNG.main(RemoteTestNG.java:91)
]]>
            </full-stacktrace>
          </exception> <!-- org.junit.ComparisonFailure -->
          <reporter-output>
          </reporter-output>
        </test-method> <!-- test10WithIndexZeroDeleteTask -->
        <test-method signature="test11WithValidInvalidDeleteTask()[pri:0, instance:com.testpackage.TestScript_Mutant@6f96c77]" started-at="2024-04-14T11:23:04 BST" name="test11WithValidInvalidDeleteTask" finished-at="2024-04-14T11:23:04 BST" duration-ms="2" status="PASS">
          <reporter-output>
          </reporter-output>
        </test-method> <!-- test11WithValidInvalidDeleteTask -->
        <test-method signature="test12WithUpdateTitle()[pri:0, instance:com.testpackage.TestScript_Mutant@6f96c77]" started-at="2024-04-14T11:23:04 BST" name="test12WithUpdateTitle" finished-at="2024-04-14T11:23:04 BST" duration-ms="2" status="PASS">
          <reporter-output>
          </reporter-output>
        </test-method> <!-- test12WithUpdateTitle -->
        <test-method signature="test13WithUpdateTitle()[pri:0, instance:com.testpackage.TestScript_Mutant@6f96c77]" started-at="2024-04-14T11:23:04 BST" name="test13WithUpdateTitle" finished-at="2024-04-14T11:23:04 BST" duration-ms="1" status="PASS">
          <reporter-output>
          </reporter-output>
        </test-method> <!-- test13WithUpdateTitle -->
        <test-method signature="test14WithUpdatePriority()[pri:0, instance:com.testpackage.TestScript_Mutant@6f96c77]" started-at="2024-04-14T11:23:04 BST" name="test14WithUpdatePriority" finished-at="2024-04-14T11:23:04 BST" duration-ms="2" status="PASS">
          <reporter-output>
          </reporter-output>
        </test-method> <!-- test14WithUpdatePriority -->
        <test-method signature="test15WithUpdateDueDate()[pri:0, instance:com.testpackage.TestScript_Mutant@6f96c77]" started-at="2024-04-14T11:23:04 BST" name="test15WithUpdateDueDate" finished-at="2024-04-14T11:23:04 BST" duration-ms="1" status="PASS">
          <reporter-output>
          </reporter-output>
        </test-method> <!-- test15WithUpdateDueDate -->
        <test-method signature="test16WithUpdateCompleted()[pri:0, instance:com.testpackage.TestScript_Mutant@6f96c77]" started-at="2024-04-14T11:23:04 BST" name="test16WithUpdateCompleted" finished-at="2024-04-14T11:23:04 BST" duration-ms="1" status="PASS">
          <reporter-output>
          </reporter-output>
        </test-method> <!-- test16WithUpdateCompleted -->
        <test-method signature="test1WithEmptyList()[pri:0, instance:com.testpackage.TestScript_Mutant@6f96c77]" started-at="2024-04-14T11:23:04 BST" name="test1WithEmptyList" finished-at="2024-04-14T11:23:04 BST" duration-ms="1" status="PASS">
          <reporter-output>
          </reporter-output>
        </test-method> <!-- test1WithEmptyList -->
        <test-method signature="test2WithValidList()[pri:0, instance:com.testpackage.TestScript_Mutant@6f96c77]" started-at="2024-04-14T11:23:04 BST" name="test2WithValidList" finished-at="2024-04-14T11:23:04 BST" duration-ms="10" status="PASS">
          <reporter-output>
          </reporter-output>
        </test-method> <!-- test2WithValidList -->
        <test-method signature="test3WithIndexLessThanZero()[pri:0, instance:com.testpackage.TestScript_Mutant@6f96c77]" started-at="2024-04-14T11:23:04 BST" name="test3WithIndexLessThanZero" finished-at="2024-04-14T11:23:04 BST" duration-ms="1" status="PASS">
          <reporter-output>
          </reporter-output>
        </test-method> <!-- test3WithIndexLessThanZero -->
        <test-method signature="test4WithIndexZero()[pri:0, instance:com.testpackage.TestScript_Mutant@6f96c77]" started-at="2024-04-14T11:23:04 BST" name="test4WithIndexZero" finished-at="2024-04-14T11:23:04 BST" duration-ms="0" status="PASS">
          <reporter-output>
          </reporter-output>
        </test-method> <!-- test4WithIndexZero -->
        <test-method signature="test5WithUpdate()[pri:0, instance:com.testpackage.TestScript_Mutant@6f96c77]" started-at="2024-04-14T11:23:04 BST" name="test5WithUpdate" finished-at="2024-04-14T11:23:04 BST" duration-ms="1" status="PASS">
          <reporter-output>
          </reporter-output>
        </test-method> <!-- test5WithUpdate -->
        <test-method signature="test6WithIndexLessThanZeroCompleteTask()[pri:0, instance:com.testpackage.TestScript_Mutant@6f96c77]" started-at="2024-04-14T11:23:04 BST" name="test6WithIndexLessThanZeroCompleteTask" finished-at="2024-04-14T11:23:04 BST" duration-ms="1" status="PASS">
          <reporter-output>
          </reporter-output>
        </test-method> <!-- test6WithIndexLessThanZeroCompleteTask -->
        <test-method signature="test7WithIndexZeroCompleteTask()[pri:0, instance:com.testpackage.TestScript_Mutant@6f96c77]" started-at="2024-04-14T11:23:04 BST" name="test7WithIndexZeroCompleteTask" finished-at="2024-04-14T11:23:04 BST" duration-ms="1" status="PASS">
          <reporter-output>
          </reporter-output>
        </test-method> <!-- test7WithIndexZeroCompleteTask -->
        <test-method signature="test8WithValidInvalidCompleteTask()[pri:0, instance:com.testpackage.TestScript_Mutant@6f96c77]" started-at="2024-04-14T11:23:04 BST" name="test8WithValidInvalidCompleteTask" finished-at="2024-04-14T11:23:04 BST" duration-ms="1" status="PASS">
          <reporter-output>
          </reporter-output>
        </test-method> <!-- test8WithValidInvalidCompleteTask -->
        <test-method signature="test9WithIndexLessThanZeroDeleteTask()[pri:0, instance:com.testpackage.TestScript_Mutant@6f96c77]" started-at="2024-04-14T11:23:04 BST" name="test9WithIndexLessThanZeroDeleteTask" finished-at="2024-04-14T11:23:04 BST" duration-ms="1" status="PASS">
          <reporter-output>
          </reporter-output>
        </test-method> <!-- test9WithIndexLessThanZeroDeleteTask -->
        <test-method signature="testToString1()[pri:0, instance:com.testpackage.TestScript_Mutant@6f96c77]" started-at="2024-04-14T11:23:04 BST" name="testToString1" finished-at="2024-04-14T11:23:04 BST" duration-ms="4" status="PASS">
          <reporter-output>
          </reporter-output>
        </test-method> <!-- testToString1 -->
        <test-method signature="testToString2()[pri:0, instance:com.testpackage.TestScript_Mutant@6f96c77]" started-at="2024-04-14T11:23:04 BST" name="testToString2" finished-at="2024-04-14T11:23:04 BST" duration-ms="0" status="PASS">
          <reporter-output>
          </reporter-output>
        </test-method> <!-- testToString2 -->
      </class> <!-- com.testpackage.TestScript_Mutant -->
    </test> <!-- Default test -->
  </suite> <!-- Default suite -->
</testng-results>
