<?xml version="1.0" encoding="UTF-8"?>
<!-- Generated by org.testng.reporters.JUnitXMLReporter -->
<testsuite ignored="0" hostname="DESKTOP-3ACR6GI" failures="0" tests="18" name="Default test" time="0.651" errors="0" timestamp="2024-04-14T08:07:56 BST">
  <testcase classname="com.testpackage.TestScript" name="test10WithIndexZeroDeleteTask" time="0.095"/>
  <testcase classname="com.testpackage.TestScript" name="test11WithValidInvalidDeleteTask" time="0.009"/>
  <testcase classname="com.testpackage.TestScript" name="test12WithUpdateTitle" time="0.013"/>
  <testcase classname="com.testpackage.TestScript" name="test13WithUpdateTitle" time="0.007"/>
  <testcase classname="com.testpackage.TestScript" name="test14WithUpdatePriority" time="0.006"/>
  <testcase classname="com.testpackage.TestScript" name="test15WithUpdateDueDate" time="0.008"/>
  <testcase classname="com.testpackage.TestScript" name="test16WithUpdateCompleted" time="0.016"/>
  <testcase classname="com.testpackage.TestScript" name="test1WithEmptyList" time="0.009"/>
  <testcase classname="com.testpackage.TestScript" name="test2WithValidList" time="0.049"/>
  <testcase classname="com.testpackage.TestScript" name="test3WithIndexLessThanZero" time="0.011"/>
  <testcase classname="com.testpackage.TestScript" name="test4WithIndexZero" time="0.009"/>
  <testcase classname="com.testpackage.TestScript" name="test5WithUpdate" time="0.006"/>
  <testcase classname="com.testpackage.TestScript" name="test6WithIndexLessThanZeroCompleteTask" time="0.005"/>
  <testcase classname="com.testpackage.TestScript" name="test7WithIndexZeroCompleteTask" time="0.007"/>
  <testcase classname="com.testpackage.TestScript" name="test8WithValidInvalidCompleteTask" time="0.006"/>
  <testcase classname="com.testpackage.TestScript" name="test9WithIndexLessThanZeroDeleteTask" time="0.007"/>
  <testcase classname="com.testpackage.TestScript" name="testToString1" time="0.059"/>
  <testcase classname="com.testpackage.TestScript" name="testToString2" time="0.007"/>
</testsuite> <!-- Default test -->
