<?xml version="1.0" encoding="UTF-8"?>
<!-- Generated by org.testng.reporters.JUnitXMLReporter -->
<testsuite ignored="0" hostname="DESKTOP-3ACR6GI" failures="1" tests="18" name="Default test" time="0.11" errors="0" timestamp="2024-04-14T11:23:04 BST">
  <testcase classname="com.testpackage.TestScript_Mutant" name="test10WithIndexZeroDeleteTask" time="0.017">
    <failure type="org.junit.ComparisonFailure" message="expected:&amp;lt;[Task deleted successfully].&amp;gt; but was:&amp;lt;[Invalid task index].&amp;gt;">
      <![CDATA[org.junit.ComparisonFailure: expected:<[Task deleted successfully].> but was:<[Invalid task index].>
at org.junit.Assert.assertEquals(Assert.java:125)
at org.junit.Assert.assertEquals(Assert.java:147)
at com.testpackage.TestScript_Mutant.test10WithIndexZeroDeleteTask(TestScript_Mutant.java:163)
at java.base/jdk.internal.reflect.DirectMethodHandleAccessor.invoke(DirectMethodHandleAccessor.java:103)
at java.base/java.lang.reflect.Method.invoke(Method.java:580)
at org.testng.internal.MethodInvocationHelper.invokeMethod(MethodInvocationHelper.java:133)
at org.testng.internal.TestInvoker.invokeMethod(TestInvoker.java:598)
at org.testng.internal.TestInvoker.invokeTestMethod(TestInvoker.java:173)
at org.testng.internal.MethodRunner.runInSequence(MethodRunner.java:46)
at org.testng.internal.TestInvoker$MethodInvocationAgent.invoke(TestInvoker.java:824)
at org.testng.internal.TestInvoker.invokeTestMethods(TestInvoker.java:146)
at org.testng.internal.TestMethodWorker.invokeTestMethods(TestMethodWorker.java:146)
at org.testng.internal.TestMethodWorker.run(TestMethodWorker.java:128)
at java.base/java.util.ArrayList.forEach(ArrayList.java:1596)
at org.testng.TestRunner.privateRun(TestRunner.java:794)
at org.testng.TestRunner.run(TestRunner.java:596)
at org.testng.SuiteRunner.runTest(SuiteRunner.java:377)
at org.testng.SuiteRunner.runSequentially(SuiteRunner.java:371)
at org.testng.SuiteRunner.privateRun(SuiteRunner.java:332)
at org.testng.SuiteRunner.run(SuiteRunner.java:276)
at org.testng.SuiteRunnerWorker.runSuite(SuiteRunnerWorker.java:53)
at org.testng.SuiteRunnerWorker.run(SuiteRunnerWorker.java:96)
at org.testng.TestNG.runSuitesSequentially(TestNG.java:1212)
at org.testng.TestNG.runSuitesLocally(TestNG.java:1134)
at org.testng.TestNG.runSuites(TestNG.java:1063)
at org.testng.TestNG.run(TestNG.java:1031)
at org.testng.remote.AbstractRemoteTestNG.run(AbstractRemoteTestNG.java:115)
at org.testng.remote.RemoteTestNG.initAndRun(RemoteTestNG.java:293)
at org.testng.remote.RemoteTestNG.main(RemoteTestNG.java:91)
]]>
    </failure>
  </testcase> <!-- test10WithIndexZeroDeleteTask -->
  <testcase classname="com.testpackage.TestScript_Mutant" name="test11WithValidInvalidDeleteTask" time="0.002"/>
  <testcase classname="com.testpackage.TestScript_Mutant" name="test12WithUpdateTitle" time="0.002"/>
  <testcase classname="com.testpackage.TestScript_Mutant" name="test13WithUpdateTitle" time="0.001"/>
  <testcase classname="com.testpackage.TestScript_Mutant" name="test14WithUpdatePriority" time="0.002"/>
  <testcase classname="com.testpackage.TestScript_Mutant" name="test15WithUpdateDueDate" time="0.001"/>
  <testcase classname="com.testpackage.TestScript_Mutant" name="test16WithUpdateCompleted" time="0.001"/>
  <testcase classname="com.testpackage.TestScript_Mutant" name="test1WithEmptyList" time="0.001"/>
  <testcase classname="com.testpackage.TestScript_Mutant" name="test2WithValidList" time="0.01"/>
  <testcase classname="com.testpackage.TestScript_Mutant" name="test3WithIndexLessThanZero" time="0.001"/>
  <testcase classname="com.testpackage.TestScript_Mutant" name="test4WithIndexZero" time="0.0"/>
  <testcase classname="com.testpackage.TestScript_Mutant" name="test5WithUpdate" time="0.001"/>
  <testcase classname="com.testpackage.TestScript_Mutant" name="test6WithIndexLessThanZeroCompleteTask" time="0.001"/>
  <testcase classname="com.testpackage.TestScript_Mutant" name="test7WithIndexZeroCompleteTask" time="0.001"/>
  <testcase classname="com.testpackage.TestScript_Mutant" name="test8WithValidInvalidCompleteTask" time="0.001"/>
  <testcase classname="com.testpackage.TestScript_Mutant" name="test9WithIndexLessThanZeroDeleteTask" time="0.001"/>
  <testcase classname="com.testpackage.TestScript_Mutant" name="testToString1" time="0.004"/>
  <testcase classname="com.testpackage.TestScript_Mutant" name="testToString2" time="0.0"/>
</testsuite> <!-- Default test -->
